<?xml version="1.0" encoding="UTF-8"?>
<!-- Generated by org.testng.reporters.JUnitXMLReporter -->
<testsuite ignored="1" hostname="sanket" failures="0" tests="2" name="Test" time="9.953" errors="0" timestamp="2024-07-17T15:26:15 IST">
  <testcase classname="testClasses.CreateAccnTest" name="sendNameAndCheckTitle" time="2.404"/>
  <testcase classname="testClasses.CreateAccnTest" name="sendNameAndCheckTitle" time="1.963"/>
  <testcase classname="testClasses.CreateAccnTest" name="checkbuttonIsEnable" time="0.0">
    <ignored/>
  </testcase> <!-- checkbuttonIsEnable -->
</testsuite> <!-- Test -->
